<!DOCTYPE html PUBLIC "-//W3C//DTD XHTML 1.1//EN" "https://www.w3.org/TR/xhtml11/DTD/xhtml11.dtd">
<html xmlns="https://www.w3.org/1999/xhtml">
<head>
<meta http-equiv="content-type" content="text/html; charset=UTF-8"/>
<title>TestNG Report</title>
<style type="text/css">table {margin-bottom:10px;border-collapse:collapse;empty-cells:show}th,td {border:1px solid #009;padding:.25em .5em}th {vertical-align:bottom}td {vertical-align:top}table a {font-weight:bold}.stripe td {background-color: #E6EBF9}.num {text-align:right}.passedodd td {background-color: #3F3}.passedeven td {background-color: #0A0}.skippedodd td {background-color: #DDD}.skippedeven td {background-color: #CCC}.failedodd td,.attn {background-color: #F33}.failedeven td,.stripe .attn {background-color: #D00}.stacktrace {white-space:pre;font-family:monospace}.totop {font-size:85%;text-align:center;border-bottom:2px solid #000}.invisible {display:none}</style>
</head>
<body>
<table>
<tr><th>Test</th><th># Passed</th><th># Skipped</th><th># Retried</th><th># Failed</th><th>Time (ms)</th><th>Included Groups</th><th>Excluded Groups</th></tr>
<tr><th colspan="8">ExerciseASuite.xml</th></tr>
<tr><td><a href="#t0">ExerciseAUsingChrome</a></td><td class="num">2</td><td class="num">0</td><td class="num">0</td><td class="num attn">1</td><td class="num">89 578</td><td></td><td></td></tr>
<tr class="stripe"><td><a href="#t1">ExerciseAUsingFirefox</a></td><td class="num">2</td><td class="num">0</td><td class="num">0</td><td class="num attn">1</td><td class="num">101 059</td><td></td><td></td></tr>
<tr><th>Total</th><th class="num">4</th><th class="num">0</th><th class="num">0</th><th class="num attn">2</th><th class="num">190 637</th><th colspan="2"></th></tr>
</table>
<table id='summary'><thead><tr><th>Class</th><th>Method</th><th>Start</th><th>Time (ms)</th></tr></thead><tbody><tr><th colspan="4">ExerciseASuite.xml</th></tr></tbody><tbody id="t0"><tr><th colspan="4">ExerciseAUsingChrome &#8212; failed</th></tr><tr class="failedeven"><td rowspan="1">com.automationpractice.automationExercise.ExerciseA</td><td><a href="#m0">purchaseItem</a></td><td rowspan="1">1620316876176</td><td rowspan="1">28061</td></tr><tr><th colspan="4">ExerciseAUsingChrome &#8212; passed</th></tr><tr class="passedeven"><td rowspan="2">com.automationpractice.automationExercise.ExerciseA</td><td><a href="#m1">purchaseItem</a></td><td rowspan="2">1620316906433</td><td rowspan="2">26085</td></tr><tr class="passedeven"><td><a href="#m2">purchaseItem</a></td></tr></tbody>
<tbody id="t1"><tr><th colspan="4">ExerciseAUsingFirefox &#8212; failed</th></tr><tr class="failedeven"><td rowspan="1">com.automationpractice.automationExercise.ExerciseA</td><td><a href="#m3">purchaseItem</a></td><td rowspan="1">1620316879339</td><td rowspan="1">30909</td></tr><tr><th colspan="4">ExerciseAUsingFirefox &#8212; passed</th></tr><tr class="passedeven"><td rowspan="2">com.automationpractice.automationExercise.ExerciseA</td><td><a href="#m4">purchaseItem</a></td><td rowspan="2">1620316944359</td><td rowspan="2">30074</td></tr><tr class="passedeven"><td><a href="#m5">purchaseItem</a></td></tr></tbody>
</table>
<h2>ExerciseAUsingChrome</h2><h3 id="m0">com.automationpractice.automationExercise.ExerciseA#purchaseItem</h3><table class="result"><tr class="param"><th>Parameter #1</th></tr><tr class="param stripe"><td>{firstName=nicolas, lastName=ma, zipCode=08001, password=secretPassword, address=8 baker street, phoneNumber=123456, testNumber=1, city=barcelona, aliasEmailAddress=anotherRandomEmail@gmail.com, itemToPurchase=dress}</td></tr><tr><th>Messages</th></tr><tr><td><div class="messages">[Starting 'purchaseItem' test]<br/>Starting test #1 from CSV file.<br/>Opening page: http://automationpractice.com/index.php<br/>Page opened!<br/>Searching for item: 'dress'.<br/>Selecting random item from the list.<br/>Adding item into the cart.<br/>Going to cart.<br/>Checking if total number of item and total price are correct in cart.<br/>There is 1 item in cart.<br/>Total price including shipping is $29.0<br/>Total number of item and total price are correct!<br/>Proceeding to checkout.<br/>Creating new account using random Email address: exnruekz@gmail.com<br/>[RESULT: 'purchaseItem' has failed. Taking screenshot!]</div></td></tr><tr><th>Exception</th></tr><tr><td><div class="stacktrace">org.openqa.selenium.TimeoutException: Expected condition failed: waiting for visibility of element located by By.id: customer_firstname (tried for 3 second(s) with 500 milliseconds interval)
	at org.openqa.selenium.support.ui.WebDriverWait.timeoutException(WebDriverWait.java:95)
	at org.openqa.selenium.support.ui.FluentWait.until(FluentWait.java:272)
	at com.automationpractice.pages.BasePageObject.waitFor(BasePageObject.java:100)
	at com.automationpractice.pages.BasePageObject.waitForVisibilityOf(BasePageObject.java:88)
	at com.automationpractice.pages.BasePageObject.type(BasePageObject.java:55)
	at com.automationpractice.pages.AccountCreationPageObject.typeFirstname(AccountCreationPageObject.java:48)
	at com.automationpractice.pages.AccountCreationPageObject.createNewAccount(AccountCreationPageObject.java:36)
	at com.automationpractice.automationExercise.ExerciseA.purchaseItem(ExerciseA.java:69)
	at java.base/java.util.ArrayList.forEach(ArrayList.java:1540)
	at java.base/java.util.concurrent.FutureTask.run(FutureTask.java:264)
	at java.base/java.util.concurrent.ThreadPoolExecutor.runWorker(ThreadPoolExecutor.java:1128)
	at java.base/java.util.concurrent.ThreadPoolExecutor$Worker.run(ThreadPoolExecutor.java:628)
	at java.base/java.lang.Thread.run(Thread.java:834)
Caused by: org.openqa.selenium.NoSuchElementException: no such element: Unable to locate element: {&quot;method&quot;:&quot;css selector&quot;,&quot;selector&quot;:&quot;#customer_firstname&quot;}
  (Session info: chrome=90.0.4430.93)
For documentation on this error, please visit: https://www.seleniumhq.org/exceptions/no_such_element.html
Build info: version: &apos;3.141.59&apos;, revision: &apos;e82be7d358&apos;, time: &apos;2018-11-14T08:17:03&apos;
System info: host: &apos;MSI&apos;, ip: &apos;192.168.1.40&apos;, os.name: &apos;Windows 10&apos;, os.arch: &apos;amd64&apos;, os.version: &apos;10.0&apos;, java.version: &apos;11.0.6&apos;
Driver info: org.openqa.selenium.chrome.ChromeDriver
Capabilities {acceptInsecureCerts: false, browserName: chrome, browserVersion: 90.0.4430.93, chrome: {chromedriverVersion: 90.0.4430.24 (4c6d850f087da..., userDataDir: C:\Users\Nico\AppData\Local...}, goog:chromeOptions: {debuggerAddress: localhost:52714}, javascriptEnabled: true, networkConnectionEnabled: false, pageLoadStrategy: normal, platform: WINDOWS, platformName: WINDOWS, proxy: Proxy(), setWindowRect: true, strictFileInteractability: false, timeouts: {implicit: 0, pageLoad: 300000, script: 30000}, unhandledPromptBehavior: dismiss and notify, webauthn:extension:largeBlob: true, webauthn:virtualAuthenticators: true}
Session ID: 92dd1ed3e72233a3d2dfb77d9b65e10d
*** Element info: {Using=id, value=customer_firstname}
	at org.openqa.selenium.remote.http.W3CHttpResponseCodec.createException(W3CHttpResponseCodec.java:187)
	at org.openqa.selenium.remote.http.W3CHttpResponseCodec.decode(W3CHttpResponseCodec.java:122)
	at org.openqa.selenium.remote.http.W3CHttpResponseCodec.decode(W3CHttpResponseCodec.java:49)
	at org.openqa.selenium.remote.HttpCommandExecutor.execute(HttpCommandExecutor.java:158)
	at org.openqa.selenium.remote.service.DriverCommandExecutor.execute(DriverCommandExecutor.java:83)
	at org.openqa.selenium.remote.RemoteWebDriver.execute(RemoteWebDriver.java:552)
	at org.openqa.selenium.remote.RemoteWebDriver.findElement(RemoteWebDriver.java:323)
	at org.openqa.selenium.remote.RemoteWebDriver.findElementById(RemoteWebDriver.java:372)
	at org.openqa.selenium.By$ById.findElement(By.java:188)
	at org.openqa.selenium.remote.RemoteWebDriver.findElement(RemoteWebDriver.java:315)
	at org.openqa.selenium.support.ui.ExpectedConditions$7.apply(ExpectedConditions.java:205)
	at org.openqa.selenium.support.ui.ExpectedConditions$7.apply(ExpectedConditions.java:201)
	at org.openqa.selenium.support.ui.FluentWait.until(FluentWait.java:249)
	... 29 more
... Removed 22 stack frames</div></td></tr></table><p class="totop"><a href="#summary">back to summary</a></p>
<h3 id="m1">com.automationpractice.automationExercise.ExerciseA#purchaseItem</h3><table class="result"><tr class="param"><th>Parameter #1</th></tr><tr class="param stripe"><td>{firstName=nicolas, lastName=ma, zipCode=08001, password=secretPassword, address=8 baker street, phoneNumber=123456, testNumber=2, city=barcelona, aliasEmailAddress=anotherRandomEmail@gmail.com, itemToPurchase=blouse}</td></tr><tr><th>Messages</th></tr><tr><td><div class="messages">[Starting 'purchaseItem' test]<br/>Starting test #2 from CSV file.<br/>Opening page: http://automationpractice.com/index.php<br/>Page opened!<br/>Searching for item: 'blouse'.<br/>Selecting random item from the list.<br/>Adding item into the cart.<br/>Going to cart.<br/>Checking if total number of item and total price are correct in cart.<br/>There is 1 item in cart.<br/>Total price including shipping is $29.0<br/>Total number of item and total price are correct!<br/>Proceeding to checkout.<br/>Creating new account using random Email address: qhngsmso@gmail.com<br/>Filling all information using data from CSV file.<br/>Checking if delivery details are correct.<br/>All delivery information are correct.<br/>Accepting terms of services.<br/>Proceeding to checkout.<br/>Checking quantity and total price are still correct.<br/>There is 1 item in cart.<br/>Total price including shipping is $29.0.<br/>Quantity and total price still correct.<br/>Paying by bank wire.<br/>Confirming order.<br/>Order is complete.<br/>[RESULT: 'purchaseItem' has successfully passed.]</div></td></tr></table><p class="totop"><a href="#summary">back to summary</a></p>
<h3 id="m2">com.automationpractice.automationExercise.ExerciseA#purchaseItem</h3><table class="result"><tr class="param"><th>Parameter #1</th></tr><tr class="param stripe"><td>{firstName=john, lastName=smith, zipCode=08022, password=secretPassword, address=25 rambla cataluna, phoneNumber=425684, testNumber=3, city=Barcelona, aliasEmailAddress=aliasemail@gmail.com, itemToPurchase=shoes}</td></tr><tr><th>Messages</th></tr><tr><td><div class="messages">[Starting 'purchaseItem' test]<br/>Starting test #3 from CSV file.<br/>Opening page: http://automationpractice.com/index.php<br/>Page opened!<br/>Searching for item: 'shoes'.<br/>Selecting random item from the list.<br/>Adding item into the cart.<br/>Going to cart.<br/>Checking if total number of item and total price are correct in cart.<br/>There is 1 item in cart.<br/>Total price including shipping is $32.5<br/>Total number of item and total price are correct!<br/>Proceeding to checkout.<br/>Creating new account using random Email address: pdwxnuth@gmail.com<br/>Filling all information using data from CSV file.<br/>Checking if delivery details are correct.<br/>All delivery information are correct.<br/>Accepting terms of services.<br/>Proceeding to checkout.<br/>Checking quantity and total price are still correct.<br/>There is 1 item in cart.<br/>Total price including shipping is $32.5.<br/>Quantity and total price still correct.<br/>Paying by bank wire.<br/>Confirming order.<br/>Order is complete.<br/>[RESULT: 'purchaseItem' has successfully passed.]</div></td></tr></table><p class="totop"><a href="#summary">back to summary</a></p>
<h2>ExerciseAUsingFirefox</h2><h3 id="m3">com.automationpractice.automationExercise.ExerciseA#purchaseItem</h3><table class="result"><tr class="param"><th>Parameter #1</th></tr><tr class="param stripe"><td>{firstName=nicolas, lastName=ma, zipCode=08001, password=secretPassword, address=8 baker street, phoneNumber=123456, testNumber=1, city=barcelona, aliasEmailAddress=anotherRandomEmail@gmail.com, itemToPurchase=dress}</td></tr><tr><th>Messages</th></tr><tr><td><div class="messages">[Starting 'purchaseItem' test]<br/>Starting test #1 from CSV file.<br/>Opening page: http://automationpractice.com/index.php<br/>Page opened!<br/>Searching for item: 'dress'.<br/>Selecting random item from the list.<br/>Adding item into the cart.<br/>Going to cart.<br/>Checking if total number of item and total price are correct in cart.<br/>There is 1 item in cart.<br/>Total price including shipping is $28.0<br/>Total number of item and total price are correct!<br/>Proceeding to checkout.<br/>Creating new account using random Email address: ophokwqw@gmail.com<br/>[RESULT: 'purchaseItem' has failed. Taking screenshot!]</div></td></tr><tr><th>Exception</th></tr><tr><td><div class="stacktrace">org.openqa.selenium.TimeoutException: Expected condition failed: waiting for visibility of element located by By.id: customer_firstname (tried for 3 second(s) with 500 milliseconds interval)
	at org.openqa.selenium.support.ui.WebDriverWait.timeoutException(WebDriverWait.java:95)
	at org.openqa.selenium.support.ui.FluentWait.until(FluentWait.java:272)
	at com.automationpractice.pages.BasePageObject.waitFor(BasePageObject.java:100)
	at com.automationpractice.pages.BasePageObject.waitForVisibilityOf(BasePageObject.java:88)
	at com.automationpractice.pages.BasePageObject.type(BasePageObject.java:55)
	at com.automationpractice.pages.AccountCreationPageObject.typeFirstname(AccountCreationPageObject.java:48)
	at com.automationpractice.pages.AccountCreationPageObject.createNewAccount(AccountCreationPageObject.java:36)
	at com.automationpractice.automationExercise.ExerciseA.purchaseItem(ExerciseA.java:69)
	at java.base/java.util.ArrayList.forEach(ArrayList.java:1540)
	at java.base/java.util.concurrent.FutureTask.run(FutureTask.java:264)
	at java.base/java.util.concurrent.ThreadPoolExecutor.runWorker(ThreadPoolExecutor.java:1128)
	at java.base/java.util.concurrent.ThreadPoolExecutor$Worker.run(ThreadPoolExecutor.java:628)
	at java.base/java.lang.Thread.run(Thread.java:834)
Caused by: org.openqa.selenium.NoSuchElementException: Unable to locate element: #customer_firstname
For documentation on this error, please visit: https://www.seleniumhq.org/exceptions/no_such_element.html
Build info: version: &apos;3.141.59&apos;, revision: &apos;e82be7d358&apos;, time: &apos;2018-11-14T08:17:03&apos;
System info: host: &apos;MSI&apos;, ip: &apos;192.168.1.40&apos;, os.name: &apos;Windows 10&apos;, os.arch: &apos;amd64&apos;, os.version: &apos;10.0&apos;, java.version: &apos;11.0.6&apos;
Driver info: org.openqa.selenium.firefox.FirefoxDriver
Capabilities {acceptInsecureCerts: true, browserName: firefox, browserVersion: 87.0, javascriptEnabled: true, moz:accessibilityChecks: false, moz:buildID: 20210318103112, moz:geckodriverVersion: 0.29.0, moz:headless: false, moz:processID: 6224, moz:profile: C:\Users\Nico\AppData\Local..., moz:shutdownTimeout: 60000, moz:useNonSpecCompliantPointerOrigin: false, moz:webdriverClick: true, pageLoadStrategy: normal, platform: WINDOWS, platformName: WINDOWS, platformVersion: 10.0, rotatable: false, setWindowRect: true, strictFileInteractability: false, timeouts: {implicit: 0, pageLoad: 300000, script: 30000}, unhandledPromptBehavior: dismiss and notify}
Session ID: f5795359-8f2e-4963-9ee6-fedfb71d03c0
*** Element info: {Using=id, value=customer_firstname}
	at org.openqa.selenium.remote.http.W3CHttpResponseCodec.createException(W3CHttpResponseCodec.java:187)
	at org.openqa.selenium.remote.http.W3CHttpResponseCodec.decode(W3CHttpResponseCodec.java:122)
	at org.openqa.selenium.remote.http.W3CHttpResponseCodec.decode(W3CHttpResponseCodec.java:49)
	at org.openqa.selenium.remote.HttpCommandExecutor.execute(HttpCommandExecutor.java:158)
	at org.openqa.selenium.remote.service.DriverCommandExecutor.execute(DriverCommandExecutor.java:83)
	at org.openqa.selenium.remote.RemoteWebDriver.execute(RemoteWebDriver.java:552)
	at org.openqa.selenium.remote.RemoteWebDriver.findElement(RemoteWebDriver.java:323)
	at org.openqa.selenium.remote.RemoteWebDriver.findElementById(RemoteWebDriver.java:372)
	at org.openqa.selenium.By$ById.findElement(By.java:188)
	at org.openqa.selenium.remote.RemoteWebDriver.findElement(RemoteWebDriver.java:315)
	at org.openqa.selenium.support.ui.ExpectedConditions$7.apply(ExpectedConditions.java:205)
	at org.openqa.selenium.support.ui.ExpectedConditions$7.apply(ExpectedConditions.java:201)
	at org.openqa.selenium.support.ui.FluentWait.until(FluentWait.java:249)
	... 29 more
... Removed 21 stack frames</div></td></tr></table><p class="totop"><a href="#summary">back to summary</a></p>
<h3 id="m4">com.automationpractice.automationExercise.ExerciseA#purchaseItem</h3><table class="result"><tr class="param"><th>Parameter #1</th></tr><tr class="param stripe"><td>{firstName=john, lastName=smith, zipCode=08022, password=secretPassword, address=25 rambla cataluna, phoneNumber=425684, testNumber=3, city=Barcelona, aliasEmailAddress=aliasemail@gmail.com, itemToPurchase=shoes}</td></tr><tr><th>Messages</th></tr><tr><td><div class="messages">[Starting 'purchaseItem' test]<br/>Starting test #3 from CSV file.<br/>Opening page: http://automationpractice.com/index.php<br/>Page opened!<br/>Searching for item: 'shoes'.<br/>Selecting random item from the list.<br/>Adding item into the cart.<br/>Going to cart.<br/>Checking if total number of item and total price are correct in cart.<br/>There is 1 item in cart.<br/>Total price including shipping is $32.5<br/>Total number of item and total price are correct!<br/>Proceeding to checkout.<br/>Creating new account using random Email address: tqjhwgkt@gmail.com<br/>Filling all information using data from CSV file.<br/>Checking if delivery details are correct.<br/>All delivery information are correct.<br/>Accepting terms of services.<br/>Proceeding to checkout.<br/>Checking quantity and total price are still correct.<br/>There is 1 item in cart.<br/>Total price including shipping is $32.5.<br/>Quantity and total price still correct.<br/>Paying by bank wire.<br/>Confirming order.<br/>Order is complete.<br/>[RESULT: 'purchaseItem' has successfully passed.]</div></td></tr></table><p class="totop"><a href="#summary">back to summary</a></p>
<h3 id="m5">com.automationpractice.automationExercise.ExerciseA#purchaseItem</h3><table class="result"><tr class="param"><th>Parameter #1</th></tr><tr class="param stripe"><td>{firstName=nicolas, lastName=ma, zipCode=08001, password=secretPassword, address=8 baker street, phoneNumber=123456, testNumber=2, city=barcelona, aliasEmailAddress=anotherRandomEmail@gmail.com, itemToPurchase=blouse}</td></tr><tr><th>Messages</th></tr><tr><td><div class="messages">[Starting 'purchaseItem' test]<br/>Starting test #2 from CSV file.<br/>Opening page: http://automationpractice.com/index.php<br/>Page opened!<br/>Searching for item: 'blouse'.<br/>Selecting random item from the list.<br/>Adding item into the cart.<br/>Going to cart.<br/>Checking if total number of item and total price are correct in cart.<br/>There is 1 item in cart.<br/>Total price including shipping is $29.0<br/>Total number of item and total price are correct!<br/>Proceeding to checkout.<br/>Creating new account using random Email address: nfztbyjr@gmail.com<br/>Filling all information using data from CSV file.<br/>Checking if delivery details are correct.<br/>All delivery information are correct.<br/>Accepting terms of services.<br/>Proceeding to checkout.<br/>Checking quantity and total price are still correct.<br/>There is 1 item in cart.<br/>Total price including shipping is $29.0.<br/>Quantity and total price still correct.<br/>Paying by bank wire.<br/>Confirming order.<br/>Order is complete.<br/>[RESULT: 'purchaseItem' has successfully passed.]</div></td></tr></table><p class="totop"><a href="#summary">back to summary</a></p>
</body>
</html>
