<?xml version="1.0" encoding="UTF-8"?>
<!-- Generated by org.testng.reporters.JUnitReportReporter -->
<testsuite hostname="MSI" failures="0" tests="6" name="com.automationpractice.automationExercise.ExerciseA" time="190.448" errors="2" timestamp="2021-05-06T18:02:55 CEST" skipped="0">
  <testcase classname="com.automationpractice.automationExercise.ExerciseA" name="purchaseItem" time="35.921"/>
  <system-out>
    <![CDATA[[Starting 'purchaseItem' test]
Starting test #3 from CSV file.
Opening page: http://automationpractice.com/index.php
Page opened!
Searching for item: 'shoes'.
Selecting random item from the list.
Adding item into the cart.
Going to cart.
Checking if total number of item and total price are correct in cart.
There is 1 item in cart.
Total price including shipping is $32.5
Total number of item and total price are correct!
Proceeding to checkout.
Creating new account using random Email address: tqjhwgkt@gmail.com
Filling all information using data from CSV file.
Checking if delivery details are correct.
All delivery information are correct.
Accepting terms of services.
Proceeding to checkout.
Checking quantity and total price are still correct.
There is 1 item in cart.
Total price including shipping is $32.5.
Quantity and total price still correct.
Paying by bank wire.
Confirming order.
Order is complete.
[RESULT: 'purchaseItem' has successfully passed.]]]>
  </system-out>
  <testcase classname="com.automationpractice.automationExercise.ExerciseA" name="purchaseItem" time="28.769"/>
  <system-out>
    <![CDATA[[Starting 'purchaseItem' test]
Starting test #2 from CSV file.
Opening page: http://automationpractice.com/index.php
Page opened!
Searching for item: 'blouse'.
Selecting random item from the list.
Adding item into the cart.
Going to cart.
Checking if total number of item and total price are correct in cart.
There is 1 item in cart.
Total price including shipping is $29.0
Total number of item and total price are correct!
Proceeding to checkout.
Creating new account using random Email address: nfztbyjr@gmail.com
Filling all information using data from CSV file.
Checking if delivery details are correct.
All delivery information are correct.
Accepting terms of services.
Proceeding to checkout.
Checking quantity and total price are still correct.
There is 1 item in cart.
Total price including shipping is $29.0.
Quantity and total price still correct.
Paying by bank wire.
Confirming order.
Order is complete.
[RESULT: 'purchaseItem' has successfully passed.]]]>
  </system-out>
  <testcase classname="com.automationpractice.automationExercise.ExerciseA" name="purchaseItem" time="28.049"/>
  <system-out>
    <![CDATA[[Starting 'purchaseItem' test]
Starting test #2 from CSV file.
Opening page: http://automationpractice.com/index.php
Page opened!
Searching for item: 'blouse'.
Selecting random item from the list.
Adding item into the cart.
Going to cart.
Checking if total number of item and total price are correct in cart.
There is 1 item in cart.
Total price including shipping is $29.0
Total number of item and total price are correct!
Proceeding to checkout.
Creating new account using random Email address: qhngsmso@gmail.com
Filling all information using data from CSV file.
Checking if delivery details are correct.
All delivery information are correct.
Accepting terms of services.
Proceeding to checkout.
Checking quantity and total price are still correct.
There is 1 item in cart.
Total price including shipping is $29.0.
Quantity and total price still correct.
Paying by bank wire.
Confirming order.
Order is complete.
[RESULT: 'purchaseItem' has successfully passed.]]]>
  </system-out>
  <testcase classname="com.automationpractice.automationExercise.ExerciseA" name="purchaseItem" time="36.279">
    <error message="Expected condition failed: waiting for visibility of element located by By.id: customer_firstname (tried for 3 second(s) with 500 milliseconds interval)" type="org.openqa.selenium.TimeoutException">
      <![CDATA[org.openqa.selenium.TimeoutException: Expected condition failed: waiting for visibility of element located by By.id: customer_firstname (tried for 3 second(s) with 500 milliseconds interval)
at org.openqa.selenium.support.ui.WebDriverWait.timeoutException(WebDriverWait.java:95)
at org.openqa.selenium.support.ui.FluentWait.until(FluentWait.java:272)
at com.automationpractice.pages.BasePageObject.waitFor(BasePageObject.java:100)
at com.automationpractice.pages.BasePageObject.waitForVisibilityOf(BasePageObject.java:88)
at com.automationpractice.pages.BasePageObject.type(BasePageObject.java:55)
at com.automationpractice.pages.AccountCreationPageObject.typeFirstname(AccountCreationPageObject.java:48)
at com.automationpractice.pages.AccountCreationPageObject.createNewAccount(AccountCreationPageObject.java:36)
at com.automationpractice.automationExercise.ExerciseA.purchaseItem(ExerciseA.java:69)
at java.base/jdk.internal.reflect.NativeMethodAccessorImpl.invoke0(Native Method)
at java.base/jdk.internal.reflect.NativeMethodAccessorImpl.invoke(NativeMethodAccessorImpl.java:62)
at java.base/jdk.internal.reflect.DelegatingMethodAccessorImpl.invoke(DelegatingMethodAccessorImpl.java:43)
at java.base/java.lang.reflect.Method.invoke(Method.java:566)
at org.testng.internal.MethodInvocationHelper.invokeMethod(MethodInvocationHelper.java:133)
at org.testng.internal.TestInvoker.invokeMethod(TestInvoker.java:598)
at org.testng.internal.TestInvoker.invokeTestMethod(TestInvoker.java:173)
at org.testng.internal.MethodRunner.runInSequence(MethodRunner.java:46)
at org.testng.internal.TestInvoker$MethodInvocationAgent.invoke(TestInvoker.java:824)
at org.testng.internal.TestInvoker.invokeTestMethods(TestInvoker.java:146)
at org.testng.internal.TestMethodWorker.invokeTestMethods(TestMethodWorker.java:146)
at org.testng.internal.TestMethodWorker.run(TestMethodWorker.java:128)
at java.base/java.util.ArrayList.forEach(ArrayList.java:1540)
at org.testng.TestRunner.privateRun(TestRunner.java:794)
at org.testng.TestRunner.run(TestRunner.java:596)
at org.testng.SuiteRunner.runTest(SuiteRunner.java:377)
at org.testng.SuiteRunner.access$000(SuiteRunner.java:28)
at org.testng.SuiteRunner$SuiteWorker.run(SuiteRunner.java:418)
at org.testng.internal.thread.ThreadUtil.lambda$execute$0(ThreadUtil.java:64)
at java.base/java.util.concurrent.FutureTask.run(FutureTask.java:264)
at java.base/java.util.concurrent.ThreadPoolExecutor.runWorker(ThreadPoolExecutor.java:1128)
at java.base/java.util.concurrent.ThreadPoolExecutor$Worker.run(ThreadPoolExecutor.java:628)
at java.base/java.lang.Thread.run(Thread.java:834)
Caused by: org.openqa.selenium.NoSuchElementException: Unable to locate element: #customer_firstname
For documentation on this error, please visit: https://www.seleniumhq.org/exceptions/no_such_element.html
Build info: version: '3.141.59', revision: 'e82be7d358', time: '2018-11-14T08:17:03'
System info: host: 'MSI', ip: '192.168.1.40', os.name: 'Windows 10', os.arch: 'amd64', os.version: '10.0', java.version: '11.0.6'
Driver info: org.openqa.selenium.firefox.FirefoxDriver
Capabilities {acceptInsecureCerts: true, browserName: firefox, browserVersion: 87.0, javascriptEnabled: true, moz:accessibilityChecks: false, moz:buildID: 20210318103112, moz:geckodriverVersion: 0.29.0, moz:headless: false, moz:processID: 6224, moz:profile: C:\Users\Nico\AppData\Local..., moz:shutdownTimeout: 60000, moz:useNonSpecCompliantPointerOrigin: false, moz:webdriverClick: true, pageLoadStrategy: normal, platform: WINDOWS, platformName: WINDOWS, platformVersion: 10.0, rotatable: false, setWindowRect: true, strictFileInteractability: false, timeouts: {implicit: 0, pageLoad: 300000, script: 30000}, unhandledPromptBehavior: dismiss and notify}
Session ID: f5795359-8f2e-4963-9ee6-fedfb71d03c0
*** Element info: {Using=id, value=customer_firstname}
at jdk.internal.reflect.GeneratedConstructorAccessor11.newInstance(Unknown Source)
at java.base/jdk.internal.reflect.DelegatingConstructorAccessorImpl.newInstance(DelegatingConstructorAccessorImpl.java:45)
at java.base/java.lang.reflect.Constructor.newInstance(Constructor.java:490)
at org.openqa.selenium.remote.http.W3CHttpResponseCodec.createException(W3CHttpResponseCodec.java:187)
at org.openqa.selenium.remote.http.W3CHttpResponseCodec.decode(W3CHttpResponseCodec.java:122)
at org.openqa.selenium.remote.http.W3CHttpResponseCodec.decode(W3CHttpResponseCodec.java:49)
at org.openqa.selenium.remote.HttpCommandExecutor.execute(HttpCommandExecutor.java:158)
at org.openqa.selenium.remote.service.DriverCommandExecutor.execute(DriverCommandExecutor.java:83)
at org.openqa.selenium.remote.RemoteWebDriver.execute(RemoteWebDriver.java:552)
at org.openqa.selenium.remote.RemoteWebDriver.findElement(RemoteWebDriver.java:323)
at org.openqa.selenium.remote.RemoteWebDriver.findElementById(RemoteWebDriver.java:372)
at org.openqa.selenium.By$ById.findElement(By.java:188)
at org.openqa.selenium.remote.RemoteWebDriver.findElement(RemoteWebDriver.java:315)
at org.openqa.selenium.support.ui.ExpectedConditions$7.apply(ExpectedConditions.java:205)
at org.openqa.selenium.support.ui.ExpectedConditions$7.apply(ExpectedConditions.java:201)
at org.openqa.selenium.support.ui.FluentWait.until(FluentWait.java:249)
... 29 more
]]>
    </error>
  </testcase> <!-- purchaseItem -->
  <system-out>
    <![CDATA[[Starting 'purchaseItem' test]
Starting test #1 from CSV file.
Opening page: http://automationpractice.com/index.php
Page opened!
Searching for item: 'dress'.
Selecting random item from the list.
Adding item into the cart.
Going to cart.
Checking if total number of item and total price are correct in cart.
There is 1 item in cart.
Total price including shipping is $28.0
Total number of item and total price are correct!
Proceeding to checkout.
Creating new account using random Email address: ophokwqw@gmail.com
[RESULT: 'purchaseItem' has failed. Taking screenshot!]]]>
  </system-out>
  <testcase classname="com.automationpractice.automationExercise.ExerciseA" name="purchaseItem" time="30.826"/>
  <system-out>
    <![CDATA[[Starting 'purchaseItem' test]
Starting test #3 from CSV file.
Opening page: http://automationpractice.com/index.php
Page opened!
Searching for item: 'shoes'.
Selecting random item from the list.
Adding item into the cart.
Going to cart.
Checking if total number of item and total price are correct in cart.
There is 1 item in cart.
Total price including shipping is $32.5
Total number of item and total price are correct!
Proceeding to checkout.
Creating new account using random Email address: pdwxnuth@gmail.com
Filling all information using data from CSV file.
Checking if delivery details are correct.
All delivery information are correct.
Accepting terms of services.
Proceeding to checkout.
Checking quantity and total price are still correct.
There is 1 item in cart.
Total price including shipping is $32.5.
Quantity and total price still correct.
Paying by bank wire.
Confirming order.
Order is complete.
[RESULT: 'purchaseItem' has successfully passed.]]]>
  </system-out>
  <testcase classname="com.automationpractice.automationExercise.ExerciseA" name="purchaseItem" time="30.604">
    <error message="Expected condition failed: waiting for visibility of element located by By.id: customer_firstname (tried for 3 second(s) with 500 milliseconds interval)" type="org.openqa.selenium.TimeoutException">
      <![CDATA[org.openqa.selenium.TimeoutException: Expected condition failed: waiting for visibility of element located by By.id: customer_firstname (tried for 3 second(s) with 500 milliseconds interval)
at org.openqa.selenium.support.ui.WebDriverWait.timeoutException(WebDriverWait.java:95)
at org.openqa.selenium.support.ui.FluentWait.until(FluentWait.java:272)
at com.automationpractice.pages.BasePageObject.waitFor(BasePageObject.java:100)
at com.automationpractice.pages.BasePageObject.waitForVisibilityOf(BasePageObject.java:88)
at com.automationpractice.pages.BasePageObject.type(BasePageObject.java:55)
at com.automationpractice.pages.AccountCreationPageObject.typeFirstname(AccountCreationPageObject.java:48)
at com.automationpractice.pages.AccountCreationPageObject.createNewAccount(AccountCreationPageObject.java:36)
at com.automationpractice.automationExercise.ExerciseA.purchaseItem(ExerciseA.java:69)
at java.base/jdk.internal.reflect.NativeMethodAccessorImpl.invoke0(Native Method)
at java.base/jdk.internal.reflect.NativeMethodAccessorImpl.invoke(NativeMethodAccessorImpl.java:62)
at java.base/jdk.internal.reflect.DelegatingMethodAccessorImpl.invoke(DelegatingMethodAccessorImpl.java:43)
at java.base/java.lang.reflect.Method.invoke(Method.java:566)
at org.testng.internal.MethodInvocationHelper.invokeMethod(MethodInvocationHelper.java:133)
at org.testng.internal.TestInvoker.invokeMethod(TestInvoker.java:598)
at org.testng.internal.TestInvoker.invokeTestMethod(TestInvoker.java:173)
at org.testng.internal.MethodRunner.runInSequence(MethodRunner.java:46)
at org.testng.internal.TestInvoker$MethodInvocationAgent.invoke(TestInvoker.java:824)
at org.testng.internal.TestInvoker.invokeTestMethods(TestInvoker.java:146)
at org.testng.internal.TestMethodWorker.invokeTestMethods(TestMethodWorker.java:146)
at org.testng.internal.TestMethodWorker.run(TestMethodWorker.java:128)
at java.base/java.util.ArrayList.forEach(ArrayList.java:1540)
at org.testng.TestRunner.privateRun(TestRunner.java:794)
at org.testng.TestRunner.run(TestRunner.java:596)
at org.testng.SuiteRunner.runTest(SuiteRunner.java:377)
at org.testng.SuiteRunner.access$000(SuiteRunner.java:28)
at org.testng.SuiteRunner$SuiteWorker.run(SuiteRunner.java:418)
at org.testng.internal.thread.ThreadUtil.lambda$execute$0(ThreadUtil.java:64)
at java.base/java.util.concurrent.FutureTask.run(FutureTask.java:264)
at java.base/java.util.concurrent.ThreadPoolExecutor.runWorker(ThreadPoolExecutor.java:1128)
at java.base/java.util.concurrent.ThreadPoolExecutor$Worker.run(ThreadPoolExecutor.java:628)
at java.base/java.lang.Thread.run(Thread.java:834)
Caused by: org.openqa.selenium.NoSuchElementException: no such element: Unable to locate element: {"method":"css selector","selector":"#customer_firstname"}
  (Session info: chrome=90.0.4430.93)
For documentation on this error, please visit: https://www.seleniumhq.org/exceptions/no_such_element.html
Build info: version: '3.141.59', revision: 'e82be7d358', time: '2018-11-14T08:17:03'
System info: host: 'MSI', ip: '192.168.1.40', os.name: 'Windows 10', os.arch: 'amd64', os.version: '10.0', java.version: '11.0.6'
Driver info: org.openqa.selenium.chrome.ChromeDriver
Capabilities {acceptInsecureCerts: false, browserName: chrome, browserVersion: 90.0.4430.93, chrome: {chromedriverVersion: 90.0.4430.24 (4c6d850f087da..., userDataDir: C:\Users\Nico\AppData\Local...}, goog:chromeOptions: {debuggerAddress: localhost:52714}, javascriptEnabled: true, networkConnectionEnabled: false, pageLoadStrategy: normal, platform: WINDOWS, platformName: WINDOWS, proxy: Proxy(), setWindowRect: true, strictFileInteractability: false, timeouts: {implicit: 0, pageLoad: 300000, script: 30000}, unhandledPromptBehavior: dismiss and notify, webauthn:extension:largeBlob: true, webauthn:virtualAuthenticators: true}
Session ID: 92dd1ed3e72233a3d2dfb77d9b65e10d
*** Element info: {Using=id, value=customer_firstname}
at java.base/jdk.internal.reflect.NativeConstructorAccessorImpl.newInstance0(Native Method)
at java.base/jdk.internal.reflect.NativeConstructorAccessorImpl.newInstance(NativeConstructorAccessorImpl.java:62)
at java.base/jdk.internal.reflect.DelegatingConstructorAccessorImpl.newInstance(DelegatingConstructorAccessorImpl.java:45)
at java.base/java.lang.reflect.Constructor.newInstance(Constructor.java:490)
at org.openqa.selenium.remote.http.W3CHttpResponseCodec.createException(W3CHttpResponseCodec.java:187)
at org.openqa.selenium.remote.http.W3CHttpResponseCodec.decode(W3CHttpResponseCodec.java:122)
at org.openqa.selenium.remote.http.W3CHttpResponseCodec.decode(W3CHttpResponseCodec.java:49)
at org.openqa.selenium.remote.HttpCommandExecutor.execute(HttpCommandExecutor.java:158)
at org.openqa.selenium.remote.service.DriverCommandExecutor.execute(DriverCommandExecutor.java:83)
at org.openqa.selenium.remote.RemoteWebDriver.execute(RemoteWebDriver.java:552)
at org.openqa.selenium.remote.RemoteWebDriver.findElement(RemoteWebDriver.java:323)
at org.openqa.selenium.remote.RemoteWebDriver.findElementById(RemoteWebDriver.java:372)
at org.openqa.selenium.By$ById.findElement(By.java:188)
at org.openqa.selenium.remote.RemoteWebDriver.findElement(RemoteWebDriver.java:315)
at org.openqa.selenium.support.ui.ExpectedConditions$7.apply(ExpectedConditions.java:205)
at org.openqa.selenium.support.ui.ExpectedConditions$7.apply(ExpectedConditions.java:201)
at org.openqa.selenium.support.ui.FluentWait.until(FluentWait.java:249)
... 29 more
]]>
    </error>
  </testcase> <!-- purchaseItem -->
  <system-out>
    <![CDATA[[Starting 'purchaseItem' test]
Starting test #1 from CSV file.
Opening page: http://automationpractice.com/index.php
Page opened!
Searching for item: 'dress'.
Selecting random item from the list.
Adding item into the cart.
Going to cart.
Checking if total number of item and total price are correct in cart.
There is 1 item in cart.
Total price including shipping is $29.0
Total number of item and total price are correct!
Proceeding to checkout.
Creating new account using random Email address: exnruekz@gmail.com
[RESULT: 'purchaseItem' has failed. Taking screenshot!]]]>
  </system-out>
</testsuite> <!-- com.automationpractice.automationExercise.ExerciseA -->
